<?xml version="1.0" encoding="UTF-8"?>
<!-- Generated by org.testng.reporters.JUnitReportReporter -->
<testsuite hostname="Kinjal" name="com.testing.TestFile" tests="2" failures="0" timestamp="7 Aug 2020 17:53:05 GMT" time="74.114" errors="0">
  <testcase name="invalidLoginTest" time="21.141" classname="com.testing.TestFile"/>
  <testcase name="validLoginTest" time="52.973" classname="com.testing.TestFile"/>
</testsuite> <!-- com.testing.TestFile -->
